********************************************************************************
DUPLICATOR-LITE PACKAGE-LOG: 18/03/2025 11:41
NOTICE: Do NOT post to public sites or forums 
********************************************************************************
VERSION:	1.5.12
WORDPRESS:	6.7.2
PHP INFO:	7.4.33 | SAPI: apache2handler
SERVER:		Apache/2.4.54 (Unix) OpenSSL/1.0.2u PHP/7.4.33 mod_wsgi/3.5 Python/2.7.18 mod_fastcgi/mod_fastcgi-SNAP-0910052141 mod_perl/2.0.11 Perl/v5.30.1 
PHP TIME LIMIT: (0) no time limit imposed 
PHP MAX MEMORY: 4294967296 (128M default) 
MEMORY STACK: 16.5MB

********************************************************************************
DATABASE:
********************************************************************************
BUILD MODE:   PHP(query limit - 100)
MYSQLTIMEOUT: 5000
MYSQLDUMP:    Not Supported
TABLES: total:13 | filtered:0 | create:13
FILTERED: []
SQL CREATED: 20250318_glowup_1e926505783ea0bf4771_20250318114123_database.sql
SQL FILE SIZE: 881.61KB (902768)
SQL FILE TIME: 2025-03-18 11:41:51
SQL RUNTIME: 0.25 sec.

********************************************************************************
ARCHIVE (ZIP):
********************************************************************************
ARCHIVE DIR:  /Applications/MAMP/htdocs/glowup
ARCHIVE FILE: 20250318_glowup_1e926505783ea0bf4771_20250318114123_archive.zip
FILTERS: *OFF*
DIRS:
	not set
FILES:
	not set
EXTS:  not set
----------------------------------------
COMPRESSING
SIZE:	345.8MB
STATS:	Dirs 3,011 | Files 20,365
SQL ADDED: 20250318_glowup_1e926505783ea0bf4771_20250318114123_database.sql
ZipArchive Object
(
    [status] => 0
    [statusSys] => 0
    [numFiles] => 23376
    [filename] => /Applications/MAMP/htdocs/glowup/wp-content/backups-dup-lite/tmp/20250318_glowup_1e926505783ea0bf4771_20250318114123_archive.zip
    [comment] => 
)

FILE ADDED TO ZIP: 23375
COMPRESSION RESULT: '1'
COMPRESSED SIZE: 95.49MB
ARCHIVE RUNTIME: 118.75 sec.
MEMORY STACK: 23.5MB
building installer
ARCHIVE CONSISTENCY TEST: PASS

********************************************************************************
INTEGRITY CHECKS:
********************************************************************************
SQL FILE: 881.61KB
INSTALLER FILE: 73.49KB
ARCHIVE FILE: 97.6MB 
EXPECTED FILE/DIRECTORY COUNT: 23,376
ACTUAL FILE/DIRECTORY COUNT: 23,375
ARCHIVE CONSISTENCY TEST: Pass

********************************************************************************
RECORD ID:[1]
TOTAL PROCESS RUNTIME: 144.53 sec.
PEAK PHP MEMORY USED: 27.5MB
DONE PROCESSING => 20250318_glowup 18/03/2025 11:44

